[    0.000000] Linux version 4.15.0-212-generic (buildd@lcy02-amd64-083) (gcc version 7.5.0 (Ubuntu 7.5.0-3ubuntu1~18.04)) #223-Ubuntu SMP Tue May 23 13:09:22 UTC 2023 (Ubuntu 4.15.0-212.223-generic 4.15.18)
[    0.000000] Command line: BOOT_IMAGE=/boot/vmlinuz-4.15.0-212-generic root=LABEL=cloudimg-rootfs ro console=tty1 console=ttyS0
[    0.000000] KERNEL supported cpus:
[    0.000000]   Intel GenuineIntel
[    0.000000]   AMD AuthenticAMD
[    0.000000]   Centaur CentaurHauls
[    0.000000] x86/fpu: Supporting XSAVE feature 0x001: 'x87 floating point registers'
[    0.000000] x86/fpu: Supporting XSAVE feature 0x002: 'SSE registers'
[    0.000000] x86/fpu: Supporting XSAVE feature 0x004: 'AVX registers'
[    0.000000] x86/fpu: xstate_offset[2]:  576, xstate_sizes[2]:  256
[    0.000000] x86/fpu: Enabled xstate features 0x7, context size is 832 bytes, using 'standard' format.
[    0.000000] e820: BIOS-provided physical RAM map:
[    0.000000] BIOS-e820: [mem 0x0000000000000000-0x000000000009fbff] usable
[    0.000000] BIOS-e820: [mem 0x000000000009fc00-0x000000000009ffff] reserved
[    0.000000] BIOS-e820: [mem 0x00000000000f0000-0x00000000000fffff] reserved
[    0.000000] BIOS-e820: [mem 0x0000000000100000-0x000000003ffeffff] usable
[    0.000000] BIOS-e820: [mem 0x000000003fff0000-0x000000003fffffff] ACPI data
[    0.000000] BIOS-e820: [mem 0x00000000fec00000-0x00000000fec00fff] reserved
[    0.000000] BIOS-e820: [mem 0x00000000fee00000-0x00000000fee00fff] reserved
[    0.000000] BIOS-e820: [mem 0x00000000fffc0000-0x00000000ffffffff] reserved
[    0.000000] NX (Execute Disable) protection: active
[    0.000000] SMBIOS 2.5 present.
[    0.000000] DMI: innotek GmbH VirtualBox/VirtualBox, BIOS VirtualBox 12/01/2006
[    0.000000] Hypervisor detected: KVM
[    0.000000] e820: last_pfn = 0x3fff0 max_arch_pfn = 0x400000000
[    0.000000] MTRR: Disabled
[    0.000000] x86/PAT: MTRRs disabled, skipping PAT initialization too.
[    0.000000] CPU MTRRs all blank - virtualized system.
[    0.000000] x86/PAT: Configuration [0-7]: WB  WT  UC- UC  WB  WT  UC- UC  
[    0.000000] found SMP MP-table at [mem 0x0009fff0-0x0009ffff]
[    0.000000] Scanning 1 areas for low memory corruption
[    0.000000] RAMDISK: [mem 0x359cb000-0x36cdcfff]
[    0.000000] ACPI: Early table checksum verification disabled
[    0.000000] ACPI: RSDP 0x00000000000E0000 000024 (v02 VBOX  )
[    0.000000] ACPI: XSDT 0x000000003FFF0030 00003C (v01 VBOX   VBOXXSDT 00000001 ASL  00000061)
[    0.000000] ACPI: FACP 0x000000003FFF00F0 0000F4 (v04 VBOX   VBOXFACP 00000001 ASL  00000061)
[    0.000000] ACPI: DSDT 0x000000003FFF0610 002353 (v02 VBOX   VBOXBIOS 00000002 INTL 20230628)
[    0.000000] ACPI: FACS 0x000000003FFF0200 000040
[    0.000000] ACPI: FACS 0x000000003FFF0200 000040
[    0.000000] ACPI: APIC 0x000000003FFF0240 000054 (v02 VBOX   VBOXAPIC 00000001 ASL  00000061)
[    0.000000] ACPI: SSDT 0x000000003FFF02A0 00036C (v01 VBOX   VBOXCPUT 00000002 INTL 20230628)
[    0.000000] ACPI: Reserving FACP table memory at [mem 0x3fff00f0-0x3fff01e3]
[    0.000000] ACPI: Reserving DSDT table memory at [mem 0x3fff0610-0x3fff2962]
[    0.000000] ACPI: Reserving FACS table memory at [mem 0x3fff0200-0x3fff023f]
[    0.000000] ACPI: Reserving FACS table memory at [mem 0x3fff0200-0x3fff023f]
[    0.000000] ACPI: Reserving APIC table memory at [mem 0x3fff0240-0x3fff0293]
[    0.000000] ACPI: Reserving SSDT table memory at [mem 0x3fff02a0-0x3fff060b]
[    0.000000] No NUMA configuration found
[    0.000000] Faking a node at [mem 0x0000000000000000-0x000000003ffeffff]
[    0.000000] NODE_DATA(0) allocated [mem 0x3ffc5000-0x3ffeffff]
[    0.000000] kvm-clock: cpu 0, msr 0:3ff44001, primary cpu clock
[    0.000000] kvm-clock: Using msrs 4b564d01 and 4b564d00
[    0.000000] kvm-clock: using sched offset of 5224434094 cycles
[    0.000000] clocksource: kvm-clock: mask: 0xffffffffffffffff max_cycles: 0x1cd42e4dffb, max_idle_ns: 881590591483 ns
[    0.000000] Zone ranges:
[    0.000000]   DMA      [mem 0x0000000000001000-0x0000000000ffffff]
[    0.000000]   DMA32    [mem 0x0000000001000000-0x000000003ffeffff]
[    0.000000]   Normal   empty
[    0.000000]   Device   empty
[    0.000000] Movable zone start for each node
[    0.000000] Early memory node ranges
[    0.000000]   node   0: [mem 0x0000000000001000-0x000000000009efff]
[    0.000000]   node   0: [mem 0x0000000000100000-0x000000003ffeffff]
[    0.000000] Reserved but unavailable: 104 pages
[    0.000000] Initmem setup node 0 [mem 0x0000000000001000-0x000000003ffeffff]
[    0.000000] ACPI: PM-Timer IO Port: 0x4008
[    0.000000] IOAPIC[0]: apic_id 1, version 32, address 0xfec00000, GSI 0-23
[    0.000000] ACPI: INT_SRC_OVR (bus 0 bus_irq 0 global_irq 2 dfl dfl)
[    0.000000] ACPI: INT_SRC_OVR (bus 0 bus_irq 9 global_irq 9 low level)
[    0.000000] Using ACPI (MADT) for SMP configuration information
[    0.000000] smpboot: Allowing 1 CPUs, 0 hotplug CPUs
[    0.000000] PM: Registered nosave memory: [mem 0x00000000-0x00000fff]
[    0.000000] PM: Registered nosave memory: [mem 0x0009f000-0x0009ffff]
[    0.000000] PM: Registered nosave memory: [mem 0x000a0000-0x000effff]
[    0.000000] PM: Registered nosave memory: [mem 0x000f0000-0x000fffff]
[    0.000000] e820: [mem 0x40000000-0xfebfffff] available for PCI devices
[    0.000000] Booting paravirtualized kernel on KVM
[    0.000000] clocksource: refined-jiffies: mask: 0xffffffff max_cycles: 0xffffffff, max_idle_ns: 7645519600211568 ns
[    0.000000] setup_percpu: NR_CPUS:8192 nr_cpumask_bits:1 nr_cpu_ids:1 nr_node_ids:1
[    0.000000] percpu: Embedded 50 pages/cpu s167936 r8192 d28672 u2097152
[    0.000000] PV qspinlock hash table entries: 256 (order: 0, 4096 bytes)
[    0.000000] Built 1 zonelists, mobility grouping on.  Total pages: 257913
[    0.000000] Policy zone: DMA32
[    0.000000] Kernel command line: BOOT_IMAGE=/boot/vmlinuz-4.15.0-212-generic root=LABEL=cloudimg-rootfs ro console=tty1 console=ttyS0
[    0.000000] Memory: 982844K/1048120K available (12300K kernel code, 2477K rwdata, 4324K rodata, 2480K init, 2720K bss, 65276K reserved, 0K cma-reserved)
[    0.000000] SLUB: HWalign=64, Order=0-3, MinObjects=0, CPUs=1, Nodes=1
[    0.000000] Kernel/User page tables isolation: enabled
[    0.000000] ftrace: allocating 39508 entries in 155 pages
[    0.004000] Hierarchical RCU implementation.
[    0.004000] 	RCU restricting CPUs from NR_CPUS=8192 to nr_cpu_ids=1.
[    0.004000] 	Tasks RCU enabled.
[    0.004000] RCU: Adjusting geometry for rcu_fanout_leaf=16, nr_cpu_ids=1
[    0.004000] NR_IRQS: 524544, nr_irqs: 256, preallocated irqs: 16
[    0.004000] random: crng init done
[    0.004000] Console: colour VGA+ 80x25
[    0.004000] console [tty1] enabled
[    0.004000] console [ttyS0] enabled
[    0.004000] ACPI: Core revision 20170831
[    0.004000] ACPI: 2 ACPI AML tables successfully acquired and loaded
[    0.004000] APIC: Switch to symmetric I/O mode setup
[    0.004334] x2apic enabled
[    0.008008] Switched APIC routing to physical x2apic.
[    0.013508] ..TIMER: vector=0x30 apic1=0 pin1=2 apic2=-1 pin2=-1
[    0.016007] tsc: Detected 1991.998 MHz processor
[    0.020020] Calibrating delay loop (skipped) preset value.. 3983.99 BogoMIPS (lpj=7967992)
[    0.024020] pid_max: default: 32768 minimum: 301
[    0.028062] Security Framework initialized
[    0.032034] Yama: becoming mindful.
[    0.036049] AppArmor: AppArmor initialized
[    0.048000] Dentry cache hash table entries: 131072 (order: 8, 1048576 bytes)
[    0.048533] Inode-cache hash table entries: 65536 (order: 7, 524288 bytes)
[    0.052197] Mount-cache hash table entries: 2048 (order: 2, 16384 bytes)
[    0.056115] Mountpoint-cache hash table entries: 2048 (order: 2, 16384 bytes)
[    0.065044] process: using mwait in idle threads
[    0.068052] Last level iTLB entries: 4KB 64, 2MB 8, 4MB 8
[    0.072005] Last level dTLB entries: 4KB 64, 2MB 0, 4MB 0, 1GB 4
[    0.076006] Spectre V1 : Mitigation: usercopy/swapgs barriers and __user pointer sanitization
[    0.080024] Spectre V2 : Mitigation: Retpolines
[    0.084003] Spectre V2 : Spectre v2 / SpectreRSB mitigation: Filling RSB on context switch
[    0.088003] Spectre V2 : Spectre v2 / SpectreRSB : Filling RSB on VMEXIT
[    0.092000] RETBleed: WARNING: Spectre v2 mitigation leaves CPU vulnerable to RETBleed attacks, data leaks possible!
[    0.092024] RETBleed: Vulnerable
[    0.096003] Speculative Store Bypass: Vulnerable
[    0.100094] MDS: Mitigation: Clear CPU buffers
[    0.104003] MMIO Stale Data: Mitigation: Clear CPU buffers
[    0.108004] SRBDS: Unknown: Dependent on hypervisor status
[    0.135372] Freeing SMP alternatives memory: 36K
[    0.251774] smpboot: CPU0: Intel(R) Core(TM) i7-8550U CPU @ 1.80GHz (family: 0x6, model: 0x8e, stepping: 0xa)
[    0.252144] Performance Events: unsupported p6 CPU model 142 no PMU driver, software events only.
[    0.256059] Hierarchical SRCU implementation.
[    0.265136] NMI watchdog: Perf event create on CPU 0 failed with -2
[    0.268005] NMI watchdog: Perf NMI watchdog permanently disabled
[    0.272092] smp: Bringing up secondary CPUs ...
[    0.276005] smp: Brought up 1 node, 1 CPU
[    0.280022] smpboot: Max logical packages: 1
[    0.284010] smpboot: Total of 1 processors activated (3983.99 BogoMIPS)
[    0.288849] devtmpfs: initialized
[    0.292599] x86/mm: Memory block size: 128MB
[    0.300837] evm: security.selinux
[    0.304028] evm: security.SMACK64
[    0.308022] evm: security.SMACK64EXEC
[    0.312034] evm: security.SMACK64TRANSMUTE
[    0.316014] evm: security.SMACK64MMAP
[    0.320076] evm: security.apparmor
[    0.324031] evm: security.ima
[    0.328034] evm: security.capability
[    0.333003] clocksource: jiffies: mask: 0xffffffff max_cycles: 0xffffffff, max_idle_ns: 7645041785100000 ns
[    0.336143] futex hash table entries: 256 (order: 2, 16384 bytes)
[    0.340212] pinctrl core: initialized pinctrl subsystem
[    0.348045] RTC time: 11:24:40, date: 04/11/26
[    0.352984] NET: Registered protocol family 16
[    0.357028] audit: initializing netlink subsys (disabled)
[    0.364013] audit: type=2000 audit(1775906686.544:1): state=initialized audit_enabled=0 res=1
[    0.368159] cpuidle: using governor ladder
[    0.372074] cpuidle: using governor menu
[    0.380165] ACPI: bus type PCI registered
[    0.384009] acpiphp: ACPI Hot Plug PCI Controller Driver version: 0.5
[    0.392882] PCI: Using configuration type 1 for base access
[    0.404090] HugeTLB registered 2.00 MiB page size, pre-allocated 0 pages
[    0.411022] ACPI: Added _OSI(Module Device)
[    0.412018] ACPI: Added _OSI(Processor Device)
[    0.416092] ACPI: Added _OSI(3.0 _SCP Extensions)
[    0.420035] ACPI: Added _OSI(Processor Aggregator Device)
[    0.424121] ACPI: Added _OSI(Linux-Dell-Video)
[    0.428032] ACPI: Added _OSI(Linux-Lenovo-NV-HDMI-Audio)
[    0.432104] ACPI: Added _OSI(Linux-HPI-Hybrid-Graphics)
[    0.440306] ACPI: Executed 1 blocks of module-level executable AML code
[    0.475304] ACPI: Interpreter enabled
[    0.476026] ACPI: (supports S0 S5)
[    0.480036] ACPI: Using IOAPIC for interrupt routing
[    0.486008] PCI: Using host bridge windows from ACPI; if necessary, use "pci=nocrs" and report a bug
[    0.490004] ACPI: Enabled 2 GPEs in block 00 to 07
[    0.547220] ACPI: PCI Root Bridge [PCI0] (domain 0000 [bus 00-ff])
[    0.548029] acpi PNP0A03:00: _OSC: OS supports [ASPM ClockPM Segments MSI]
[    0.556346] acpi PNP0A03:00: _OSC: not requesting OS control; OS requires [ExtendedConfig ASPM ClockPM MSI]
[    0.560050] acpi PNP0A03:00: fail to add MMCONFIG information, can't access extended PCI configuration space under this bridge.
[    0.572115] PCI host bridge to bus 0000:00
[    0.576045] pci_bus 0000:00: root bus resource [io  0x0000-0x0cf7 window]
[    0.580042] pci_bus 0000:00: root bus resource [io  0x0d00-0xffff window]
[    0.584043] pci_bus 0000:00: root bus resource [mem 0x000a0000-0x000bffff window]
[    0.588115] pci_bus 0000:00: root bus resource [mem 0x40000000-0xfdffffff window]
[    0.592019] pci_bus 0000:00: root bus resource [bus 00-ff]
[    0.609857] pci 0000:00:01.1: legacy IDE quirk: reg 0x10: [io  0x01f0-0x01f7]
[    0.612040] pci 0000:00:01.1: legacy IDE quirk: reg 0x14: [io  0x03f6]
[    0.616018] pci 0000:00:01.1: legacy IDE quirk: reg 0x18: [io  0x0170-0x0177]
[    0.620037] pci 0000:00:01.1: legacy IDE quirk: reg 0x1c: [io  0x0376]
[    0.698147] pci 0000:00:07.0: quirk: [io  0x4000-0x403f] claimed by PIIX4 ACPI
[    0.704037] pci 0000:00:07.0: quirk: [io  0x4100-0x410f] claimed by PIIX4 SMB
[    0.734160] ACPI: PCI Interrupt Link [LNKA] (IRQs 5 9 10 *11)
[    0.741120] ACPI: PCI Interrupt Link [LNKB] (IRQs 5 9 *10 11)
[    0.744904] ACPI: PCI Interrupt Link [LNKC] (IRQs 5 *9 10 11)
[    0.748387] ACPI: PCI Interrupt Link [LNKD] (IRQs 5 9 10 *11)
[    0.757805] SCSI subsystem initialized
[    0.760196] pci 0000:00:02.0: vgaarb: setting as boot VGA device
[    0.764000] pci 0000:00:02.0: vgaarb: VGA device added: decodes=io+mem,owns=io+mem,locks=none
[    0.764043] pci 0000:00:02.0: vgaarb: bridge control possible
[    0.768005] vgaarb: loaded
[    0.772043] ACPI: bus type USB registered
[    0.773026] usbcore: registered new interface driver usbfs
[    0.774258] usbcore: registered new interface driver hub
[    0.776009] usbcore: registered new device driver usb
[    0.777169] EDAC MC: Ver: 3.0.0
[    0.780227] PCI: Using ACPI for IRQ routing
[    0.784333] NetLabel: Initializing
[    0.788022] NetLabel:  domain hash size = 128
[    0.792002] NetLabel:  protocols = UNLABELED CIPSOv4 CALIPSO
[    0.796054] NetLabel:  unlabeled traffic allowed by default
[    0.804029] clocksource: Switched to clocksource kvm-clock
[    0.819283] VFS: Disk quotas dquot_6.6.0
[    0.820356] VFS: Dquot-cache hash table entries: 512 (order 0, 4096 bytes)
[    0.824738] AppArmor: AppArmor Filesystem Enabled
[    0.825870] pnp: PnP ACPI init
[    0.827688] pnp: PnP ACPI: found 3 devices
[    0.835910] clocksource: acpi_pm: mask: 0xffffff max_cycles: 0xffffff, max_idle_ns: 2085701024 ns
[    0.837899] NET: Registered protocol family 2
[    0.842677] IP idents hash table entries: 16384 (order: 5, 131072 bytes)
[    0.846327] TCP established hash table entries: 8192 (order: 4, 65536 bytes)
[    0.847822] TCP bind hash table entries: 8192 (order: 5, 131072 bytes)
[    0.849397] TCP: Hash tables configured (established 8192 bind 8192)
[    0.853013] UDP hash table entries: 512 (order: 2, 16384 bytes)
[    0.854429] UDP-Lite hash table entries: 512 (order: 2, 16384 bytes)
[    0.855895] NET: Registered protocol family 1
[    0.858727] pci 0000:00:00.0: Limiting direct PCI/PCI transfers
[    0.861960] pci 0000:00:01.0: Activating ISA DMA hang workarounds
[    0.863383] pci 0000:00:02.0: Video device with shadowed ROM at [mem 0x000c0000-0x000dffff]
[    0.867163] Unpacking initramfs...
[    1.527753] Freeing initrd memory: 19528K
[    1.538946] clocksource: tsc: mask: 0xffffffffffffffff max_cycles: 0x396d4e5fc9d, max_idle_ns: 881590756024 ns
[    1.548081] platform rtc_cmos: registered platform RTC device (no PNP device found)
[    1.557152] Scanning for low memory corruption every 60 seconds
[    1.562862] Initialise system trusted keyrings
[    1.568830] Key type blacklist registered
[    1.573719] workingset: timestamp_bits=36 max_order=18 bucket_order=0
[    1.583523] zbud: loaded
[    1.586616] squashfs: version 4.0 (2009/01/31) Phillip Lougher
[    1.591578] fuse init (API version 7.26)
[    1.598077] Key type asymmetric registered
[    1.603329] Asymmetric key parser 'x509' registered
[    1.607795] Block layer SCSI generic (bsg) driver version 0.4 loaded (major 246)
[    1.615084] io scheduler noop registered
[    1.620044] io scheduler deadline registered
[    1.624338] io scheduler cfq registered (default)
[    1.628700] ACPI: AC Adapter [AC] (on-line)
[    1.633740] input: Power Button as /devices/LNXSYSTM:00/LNXPWRBN:00/input/input0
[    1.640692] ACPI: Power Button [PWRF]
[    1.641499] input: Sleep Button as /devices/LNXSYSTM:00/LNXSLPBN:00/input/input1
[    1.646817] ACPI: Sleep Button [SLPF]
[    1.650213] ACPI: Battery Slot [BAT0] (battery present)
[    1.652974] Serial: 8250/16550 driver, 32 ports, IRQ sharing enabled
[    1.676338] 00:02: ttyS0 at I/O 0x3f8 (irq = 4, base_baud = 115200) is a 16550A
[    1.680153] Linux agpgart interface v0.103
[    1.684355] loop: module loaded
[    1.685507] scsi host0: ata_piix
[    1.686298] scsi host1: ata_piix
[    1.686957] ata1: PATA max UDMA/33 cmd 0x1f0 ctl 0x3f6 bmdma 0xd000 irq 14
[    1.688086] ata2: PATA max UDMA/33 cmd 0x170 ctl 0x376 bmdma 0xd008 irq 15
[    1.689607] tun: Universal TUN/TAP device driver, 1.6
[    1.690524] PPP generic driver version 2.4.2
[    1.691365] ehci_hcd: USB 2.0 'Enhanced' Host Controller (EHCI) Driver
[    1.694482] ehci-pci: EHCI PCI platform driver
[    1.697106] ehci-platform: EHCI generic platform driver
[    1.701060] ohci_hcd: USB 1.1 'Open' Host Controller (OHCI) Driver
[    1.704739] ohci-pci: OHCI PCI platform driver
[    1.707401] ohci-platform: OHCI generic platform driver
[    1.708335] uhci_hcd: USB Universal Host Controller Interface driver
[    1.709464] i8042: PNP: PS/2 Controller [PNP0303:PS2K,PNP0f03:PS2M] at 0x60,0x64 irq 1,12
[    1.713278] serio: i8042 KBD port at 0x60,0x64 irq 1
[    1.716012] serio: i8042 AUX port at 0x60,0x64 irq 12
[    1.716958] mousedev: PS/2 mouse device common for all mice
[    1.718134] input: AT Translated Set 2 keyboard as /devices/platform/i8042/serio0/input/input2
[    1.723480] rtc_cmos rtc_cmos: rtc core: registered rtc_cmos as rtc0
[    1.728485] rtc_cmos rtc_cmos: alarms up to one day, 114 bytes nvram
[    1.729521] i2c /dev entries driver
[    1.730197] device-mapper: uevent: version 1.0.3
[    1.732815] device-mapper: ioctl: 4.37.0-ioctl (2017-09-20) initialised: dm-devel@redhat.com
[    1.736189] ledtrig-cpu: registered to indicate activity on CPUs
[    1.741067] intel_pmc_core:  initialized
[    1.743814] NET: Registered protocol family 10
[    1.748953] Segment Routing with IPv6
[    1.751584] NET: Registered protocol family 17
[    1.752446] Key type dns_resolver registered
[    1.753352] mce: Using 0 MCE banks
[    1.754045] RAS: Correctable Errors collector initialized.
[    1.758748] sched_clock: Marking stable (1758702623, 0)->(2992253327, -1233550704)
[    1.763899] registered taskstats version 1
[    1.766575] Loading compiled-in X.509 certificates
[    1.782838] Loaded X.509 cert 'Build time autogenerated kernel key: b5b26778eaa3ab3a4a6cee031137706e947d12ad'
[    1.793688] Loaded X.509 cert 'Canonical Ltd. Live Patch Signing: 14df34d1a87cf37625abec039ef2bf521249b969'
[    1.806984] Loaded X.509 cert 'Canonical Ltd. Kernel Module Signing: 88f752e560a1e0737e31163a466ad7b70a850c19'
[    1.820672] blacklist: Loading compiled-in revocation X.509 certificates
[    1.830029] Loaded X.509 cert 'Canonical Ltd. Secure Boot Signing: 61482aa2830d0ab2ad5af10b7250da9033ddcef0'
[    1.844422] Loaded X.509 cert 'Canonical Ltd. Secure Boot Signing (2017): 242ade75ac4a15e50d50c84b0d45ff3eae707a03'
[    1.904850] Loaded X.509 cert 'Canonical Ltd. Secure Boot Signing (ESM 2018): 365188c1d374d6b07c3c8f240f8ef722433d6a8b'
[    1.918579] Loaded X.509 cert 'Canonical Ltd. Secure Boot Signing (2019): c0746fd6c5da3ae827864651ad66ae47fe24b3e8'
[    1.932097] Loaded X.509 cert 'Canonical Ltd. Secure Boot Signing (2021 v1): a8d54bbb3825cfb94fa13c9f8a594a195c107b8d'
[    1.943761] Loaded X.509 cert 'Canonical Ltd. Secure Boot Signing (2021 v2): 4cf046892d6fd3c9a5b03f98d845f90851dc6a8c'
[    1.957162] Loaded X.509 cert 'Canonical Ltd. Secure Boot Signing (2021 v3): 100437bb6de6e469b581e61cd66bce3ef4ed53af'
[    1.973116] Loaded X.509 cert 'Canonical Ltd. Secure Boot Signing (Ubuntu Core 2019): c1d57b8f6b743f23ee41f4f7ee292f06eecadfb9'
[    1.990705] zswap: loaded using pool lzo/zbud
[    2.010039] Key type big_key registered
[    2.016745] Key type trusted registered
[    2.026468] Key type encrypted registered
[    2.033625] AppArmor: AppArmor sha1 policy hashing enabled
[    2.040662] ima: No TPM chip found, activating TPM-bypass! (rc=-19)
[    2.051223] ima: Allocated hash algorithm: sha1
[    2.056068] evm: HMAC attrs: 0x1
[    2.062318]   Magic number: 6:354:428
[    2.068614] rtc_cmos rtc_cmos: setting system clock to 2026-04-11 11:24:42 UTC (1775906682)
[    2.079611] BIOS EDD facility v0.16 2004-Jun-25, 0 devices found
[    2.089679] EDD information not available.
[    2.115699] Freeing unused kernel image memory: 2480K
[    2.128513] Write protecting the kernel read-only data: 20480k
[    2.139417] Freeing unused kernel image memory: 2008K
[    2.150062] Freeing unused kernel image memory: 1820K
[    2.205920] x86/mm: Checked W+X mappings: passed, no W+X pages found.
[    2.214798] x86/mm: Checking user space page tables
[    2.268722] x86/mm: Checked W+X mappings: passed, no W+X pages found.
Loading, please wait...
starting version 237
[    2.624071] e1000: Intel(R) PRO/1000 Network Driver - version 7.3.21-k8-NAPI
[    2.633450] e1000: Copyright (c) 1999-2006 Intel Corporation.
[    2.650652] Fusion MPT base driver 3.04.20
[    2.651666] Copyright (c) 1999-2008 LSI Corporation
[    2.683758] AVX2 version of gcm_enc/dec engaged.
[    2.685005] AES CTR mode by8 optimization enabled
[    2.688742] Fusion MPT SPI Host driver 3.04.20
[    2.721807] mptbase: ioc0: Initiating bringup
[    2.832939] ioc0: LSI53C1030 A0: Capabilities={Initiator}
[    2.861168] input: ImExPS/2 Generic Explorer Mouse as /devices/platform/i8042/serio1/input/input4
[    3.074309] scsi host2: ioc0: LSI53C1030 A0, FwRev=00000000h, Ports=1, MaxQ=256, IRQ=20
[    3.252761] scsi 2:0:0:0: Direct-Access     VBOX     HARDDISK         1.0  PQ: 0 ANSI: 5
[    3.256161] scsi target2:0:0: Beginning Domain Validation
[    3.259811] scsi target2:0:0: Domain Validation skipping write tests
[    3.266450] scsi target2:0:0: Ending Domain Validation
[    3.271612] scsi target2:0:0: asynchronous
[    3.278515] scsi 2:0:1:0: Direct-Access     VBOX     HARDDISK         1.0  PQ: 0 ANSI: 5
[    3.285734] scsi target2:0:1: Beginning Domain Validation
[    3.291904] scsi target2:0:1: Domain Validation skipping write tests
[    3.298183] scsi target2:0:1: Ending Domain Validation
[    3.313348] scsi target2:0:1: asynchronous
[    3.439323] sd 2:0:0:0: Attached scsi generic sg0 type 0
[    3.442425] sd 2:0:0:0: [sda] 83886080 512-byte logical blocks: (42.9 GB/40.0 GiB)
[    3.455337] sd 2:0:1:0: Attached scsi generic sg1 type 0
[    3.462163] sd 2:0:1:0: [sdb] 20480 512-byte logical blocks: (10.5 MB/10.0 MiB)
[    3.482520] sd 2:0:0:0: [sda] Write Protect is off
[    3.483452] sd 2:0:1:0: [sdb] Write Protect is off
[    3.484398] sd 2:0:0:0: [sda] Incomplete mode parameter data
[    3.487188] sd 2:0:0:0: [sda] Assuming drive cache: write through
[    3.491848] sd 2:0:1:0: [sdb] Incomplete mode parameter data
[    3.498544] sd 2:0:1:0: [sdb] Assuming drive cache: write through
[    3.640532]  sda: sda1
[    3.648453] sd 2:0:0:0: [sda] Attached SCSI disk
[    3.660373] sd 2:0:1:0: [sdb] Attached SCSI disk
[    3.946325] e1000 0000:00:03.0 eth0: (PCI:33MHz:32-bit) 02:3b:7b:b7:3b:2d
[    3.951605] e1000 0000:00:03.0 eth0: Intel(R) PRO/1000 Network Connection
[    3.956375] e1000 0000:00:03.0 enp0s3: renamed from eth0
Begin: Loading essential drivers ... [    5.630416] raid6: sse2x1   gen()  7121 MB/s
[    5.698243] raid6: sse2x1   xor()  9055 MB/s
[    5.771053] raid6: sse2x2   gen() 17428 MB/s
[    5.842545] raid6: sse2x2   xor() 11705 MB/s
[    5.909692] raid6: sse2x4   gen()  9960 MB/s
[    5.989264] raid6: sse2x4   xor()  2220 MB/s
[    6.076041] raid6: avx2x1   gen()  2669 MB/s
[    6.164505] raid6: avx2x1   xor()  2829 MB/s
[    6.239167] raid6: avx2x2   gen()  3468 MB/s
[    6.308862] raid6: avx2x2   xor()  2427 MB/s
[    6.376556] raid6: avx2x4   gen()  3187 MB/s
[    6.444456] raid6: avx2x4   xor()  2415 MB/s
[    6.456231] raid6: using algorithm sse2x2 gen() 17428 MB/s
[    6.466647] raid6: .... xor() 11705 MB/s, rmw enabled
[    6.475217] raid6: using avx2x2 recovery algorithm
[    6.497056] xor: automatically using best checksumming function   avx       
[    6.518013] async_tx: api initialized (async)
done.
Begin: Running /scripts/init-premount ... done.
Begin: Mounting root file system ... Begin: Running /scripts/local-top ... done.
Begin: Running /scripts/local-premount ... [    6.744728] Btrfs loaded, crc32c=crc32c-intel
Scanning for Btrfs filesystems
done.
Warning: fsck not present, so skipping root file system
[    6.841875] EXT4-fs (sda1): mounted filesystem with ordered data mode. Opts: (null)
done.
Begin: Running /scripts/local-bottom ... done.
Begin: Running /scripts/init-bottom ... done.
[    7.399733] ip_tables: (C) 2000-2006 Netfilter Core Team
[    7.436740] systemd[1]: systemd 237 running in system mode. (+PAM +AUDIT +SELINUX +IMA +APPARMOR +SMACK +SYSVINIT +UTMP +LIBCRYPTSETUP +GCRYPT +GNUTLS +ACL +XZ +LZ4 +SECCOMP +BLKID +ELFUTILS +KMOD -IDN2 +IDN -PCRE2 default-hierarchy=hybrid)
[    7.440865] systemd[1]: Detected virtualization oracle.
[    7.445754] systemd[1]: Detected architecture x86-64.

Welcome to [1mUbuntu 18.04.6 LTS[0m!

[    7.461537] systemd[1]: Set hostname to <ubuntu>.
[    7.479355] systemd[1]: Initializing machine ID from random generator.
[    7.484307] systemd[1]: Installed transient /etc/machine-id file.
[    7.923099] systemd[1]: Reached target Mounting snaps.
[[0;32m  OK  [0m] Reached target Mounting snaps.
[    7.936114] systemd[1]: Set up automount Arbitrary Executable File Formats File System Automount Point.
[[0;32m  OK  [0m] Set up automount Arbitrary Executab…rmats File System Automount Point.
[    7.954107] systemd[1]: Reached target Swap.
[[0;32m  OK  [0m] Reached target Swap.
[    7.964314] systemd[1]: Reached target System Time Synchronized.
[[0;32m  OK  [0m] Reached target System Time Synchronized.
[[0;32m  OK  [0m] Reached target User and Group Name Lookups.
[[0;32m  OK  [0m] Created slice User and Session Slice.
[[0;32m  OK  [0m] Created slice System Slice.
[[0;32m  OK  [0m] Listening on Journal Socket.
[[0;32m  OK  [0m] Listening on /dev/initctl Compatibility Named Pipe.
         Mounting Kernel Debug File System...
[[0;32m  OK  [0m] Listening on Network Service Netlink Socket.
         Mounting Huge Pages File System...
[[0;32m  OK  [0m] Created slice system-serial\x2dgetty.slice.
[[0;32m  OK  [0m] Listening on fsck to fsckd communication Socket.
[[0;32m  OK  [0m] Listening on Journal Socket (/dev/log).
         Starting File System Check on Root Device...
[[0;32m  OK  [0m] Reached target Slices.
         Starting Set the console keyboard layout...
[[0;32m  OK  [0m] Listening on udev Control Socket.
[[0;32m  OK  [0m] Listening on LVM2 poll daemon socket.
[[0;32m  OK  [0m] Listening on Journal Audit Socket.
[[0;32m  OK  [0m] Listening on Syslog Socket.
         Starting Journal Service...
[[0;32m  OK  [0m] Started Forward Password Requests to Wall Directory Watch.
         Starting Uncomplicated firewall...
         Starting Create list of required st…ce nodes for the current kernel...
[[0;32m  OK  [0m] Listening on udev Kernel Socket.
         Starting udev Coldplug all Devices...
[[0;32m  OK  [0m] Listening on LVM2 metadata daemon socket.
[[0;32m  OK  [0m] Listening on Device-mapper event daemon FIFOs.
         Starting Monitoring of LVM2 mirrors…ng dmeventd or progress polling...
         Mounting POSIX Message Queue File System...
         Starting Load Kernel Modules...
[[0;32m  OK  [0m] Reached target Mounted snaps.
[[0;32m  OK  [0m] Mounted Kernel Debug File System.
[[0;32m  OK  [0m] Mounted Huge Pages File System.
[[0;32m  OK  [0m] Started Uncomplicated firewall.
[[0;32m  OK  [0m] Started Create list of required sta…vice nodes for the current kernel.
[[0;32m  OK  [0m] Mounted POSIX Message Queue File System.
[[0;32m  OK  [0m] Started File System Check Daemon to report status.
         Starting Create Static Device Nodes in /dev...
[    8.590420] Loading iSCSI transport class v2.0-870.
[[0;32m  OK  [0m] Started Journal Service.
[[0;32m  OK  [0m] Started Create Static Device Nodes in /dev.
[[0;32m  OK  [0m] Started File System Check on Root Device.
         Starting Remount Root and Kernel File Systems...
[    8.701453] iscsi: registered transport (tcp)
[[0;32m  OK  [0m] Started udev Coldplug all Devices.
[    8.721824] iscsi: registered transport (iser)
[[0;32m  OK  [0m] Started Load Kernel Modules.
[[0;32m  OK  [0m] Started LVM2 metadata daemon.
         Mounting FUSE Control File System...
         Mounting Kernel Configuration File System...
         Starting Apply Kernel Variables...
[[0;32m  OK  [0m] Mounted FUSE Control File System.
[[0;32m  OK  [0m] Mounted Kernel Configuration File System.
[[0;32m  OK  [0m] Started Remount Root and Kernel File Systems.
         Starting udev Kernel Device Manager...
         Starting Flush Journal to Persistent Storage...
         Starting Load/Save Random Seed...
[[0;32m  OK  [0m] Started Monitoring of LVM2 mirrors,…sing dmeventd or progress polling.
[[0;32m  OK  [0m] Started Apply Kernel Variables.
[[0;32m  OK  [0m] Started udev Kernel Device Manager.
[[0;32m  OK  [0m] Started Load/Save Random Seed.
[[0;32m  OK  [0m] Started Flush Journal to Persistent Storage.
[[0;32m  OK  [0m] Found device /dev/ttyS0.
         Mounting Arbitrary Executable File Formats File System...
[[0;32m  OK  [0m] Mounted Arbitrary Executable File Formats File System.
[[0;32m  OK  [0m] Listening on Load/Save RF Kill Switch Status /dev/rfkill Watch.
[[0;32m  OK  [0m] Started Set the console keyboard layout.
[[0;32m  OK  [0m] Reached target Local File Systems (Pre).
[[0;32m  OK  [0m] Reached target Local File Systems.
         Starting Tell Plymouth To Write Out Runtime Data...
         Starting AppArmor initialization...
         Starting Commit a transient machine-id on disk...
         Starting Create Volatile Files and Directories...
         Starting Set console font and keymap...
         Starting ebtables ruleset management...
[[0;32m  OK  [0m] Started Dispatch Password Requests to Console Directory Watch.
[[0;32m  OK  [0m] Reached target Local Encrypted Volumes.
[[0;32m  OK  [0m] Started Tell Plymouth To Write Out Runtime Data.
[[0;32m  OK  [0m] Started Commit a transient machine-id on disk.
[[0;32m  OK  [0m] Started Create Volatile Files and Directories.
         Starting Update UTMP about System Boot/Shutdown...
[[0;32m  OK  [0m] Started Update UTMP about System Boot/Shutdown.
[[0;32m  OK  [0m] Started ebtables ruleset management.
[[0;32m  OK  [0m] Started Set console font and keymap.
[[0;32m  OK  [0m] Started AppArmor initialization.
         Starting Initial cloud-init job (pre-networking)...
         Starting Load AppArmor profiles managed internally by snapd...
[[0;32m  OK  [0m] Started Load AppArmor profiles managed internally by snapd.
[   25.777482] cloud-init[796]: Cloud-init v. 23.1.2-0ubuntu0~18.04.1 running 'init-local' at Sat, 11 Apr 2026 11:25:04 +0000. Up 24.19 seconds.
[[0;32m  OK  [0m] Started Initial cloud-init job (pre-networking).
[[0;32m  OK  [0m] Reached target Network (Pre).
         Starting Network Service...
[[0;32m  OK  [0m] Started Network Service.
         Starting Wait for Network to be Configured...
         Starting Network Name Resolution...
[[0;32m  OK  [0m] Started Network Name Resolution.
[[0;32m  OK  [0m] Reached target Network.
[[0;32m  OK  [0m] Reached target Host and Network Name Lookups.
[[0;32m  OK  [0m] Started Wait for Network to be Configured.
         Starting Initial cloud-init job (metadata service crawler)...
[   32.845712] cloud-init[923]: Cloud-init v. 23.1.2-0ubuntu0~18.04.1 running 'init' at Sat, 11 Apr 2026 11:25:11 +0000. Up 31.08 seconds.
[   32.854104] cloud-init[923]: ci-info: ++++++++++++++++++++++++++++++++++++++Net device info++++++++++++++++++++++++++++++++++++++
[   32.865103] cloud-init[923]: ci-info: +--------+------+----------------------------+---------------+--------+-------------------+
[   32.881550] cloud-init[923]: ci-info: | Device |  Up  |          Address           |      Mask     | Scope  |     Hw-Address    |
[   32.889540] cloud-init[923]: ci-info: +--------+------+----------------------------+---------------+--------+-------------------+
[   32.898350] cloud-init[923]: ci-info: | enp0s3 | True |         10.0.2.15          | 255.255.255.0 | global | 02:3b:7b:b7:3b:2d |
[   32.908091] cloud-init[923]: ci-info: | enp0s3 | True | fe80::3b:7bff:feb7:3b2d/64 |       .       |  link  | 02:3b:7b:b7:3b:2d |
[   32.915593] cloud-init[923]: ci-info: |   lo   | True |         127.0.0.1          |   255.0.0.0   |  host  |         .         |
[   32.925142] cloud-init[923]: ci-info: |   lo   | True |          ::1/128           |       .       |  host  |         .         |
[   32.934014] cloud-init[923]: ci-info: +--------+------+----------------------------+---------------+--------+-------------------+
[   32.941399] cloud-init[923]: ci-info: ++++++++++++++++++++++++++++Route IPv4 info+++++++++++++++++++++++++++++
[   32.956623] cloud-init[923]: ci-info: +-------+-------------+----------+-----------------+-----------+-------+
[   32.963210] cloud-init[923]: ci-info: | Route | Destination | Gateway  |     Genmask     | Interface | Flags |
[   32.969552] cloud-init[923]: ci-info: +-------+-------------+----------+-----------------+-----------+-------+
[   32.975196] cloud-init[923]: ci-info: |   0   |   0.0.0.0   | 10.0.2.2 |     0.0.0.0     |   enp0s3  |   UG  |
[   32.981097] cloud-init[923]: ci-info: |   1   |   10.0.2.0  | 0.0.0.0  |  255.255.255.0  |   enp0s3  |   U   |
[   32.986783] cloud-init[923]: ci-info: |   2   |   10.0.2.2  | 0.0.0.0  | 255.255.255.255 |   enp0s3  |   UH  |
[   32.994774] cloud-init[923]: ci-info: +-------+-------------+----------+-----------------+-----------+-------+
[   33.001427] cloud-init[923]: ci-info: +++++++++++++++++++Route IPv6 info+++++++++++++++++++
[   33.009752] cloud-init[923]: ci-info: +-------+-------------+---------+-----------+-------+
[   33.025575] cloud-init[923]: ci-info: | Route | Destination | Gateway | Interface | Flags |
[   33.039155] cloud-init[923]: ci-info: +-------+-------------+---------+-----------+-------+
[   33.061175] cloud-init[923]: ci-info: |   1   |  fe80::/64  |    ::   |   enp0s3  |   U   |
[   33.084053] cloud-init[923]: ci-info: |   3   |    local    |    ::   |   enp0s3  |   U   |
[   33.131401] cloud-init[923]: ci-info: |   4   |   ff00::/8  |    ::   |   enp0s3  |   U   |
[   33.137188] cloud-init[923]: ci-info: +-------+-------------+---------+-----------+-------+
[   35.440756] cloud-init[923]: Generating public/private rsa key pair.
[   35.465699] cloud-init[923]: Your identification has been saved in /etc/ssh/ssh_host_rsa_key.
[   35.489647] cloud-init[923]: Your public key has been saved in /etc/ssh/ssh_host_rsa_key.pub.
[   35.500794] cloud-init[923]: The key fingerprint is:
[   35.505102] cloud-init[923]: SHA256:QvfdMdfJfk94RYEsIxAZ9VTMSXsiHycc1bfJEUZIM0s root@ubuntu-bionic
[   35.519081] cloud-init[923]: The key's randomart image is:
[   35.530335] cloud-init[923]: +---[RSA 2048]----+
[   35.551466] cloud-init[923]: |       +*. .BE**=|
[   35.572570] cloud-init[923]: |       . .oooBOo=|
[   35.581201] cloud-init[923]: |      . . .ooB+=O|
[   35.596870] cloud-init[923]: |     . . . .o.BO.|
[   35.600329] cloud-init[923]: |      . S . ..o.+|
[   35.613521] cloud-init[923]: |       .       oo|
[   35.618530] cloud-init[923]: |                .|
[   35.646587] cloud-init[923]: |                 |
[   35.666888] cloud-init[923]: |                 |
[   35.671345] cloud-init[923]: +----[SHA256]-----+
[   35.675446] cloud-init[923]: Generating public/private dsa key pair.
[   35.698075] cloud-init[923]: Your identification has been saved in /etc/ssh/ssh_host_dsa_key.
[   35.701834] cloud-init[923]: Your public key has been saved in /etc/ssh/ssh_host_dsa_key.pub.
[   35.707219] cloud-init[923]: The key fingerprint is:
[   35.711195] cloud-init[923]: SHA256:3HYhzallwiyu8AA0c7qTsXha5A0ITaHlqhAzmYvK0kE root@ubuntu-bionic
[   35.722054] cloud-init[923]: The key's randomart image is:
[   35.726482] cloud-init[923]: +---[DSA 1024]----+
[   35.747750] cloud-init[923]: |.oB..            |
[   35.752057] cloud-init[923]: |.O.=     o o .   |
[   35.756789] cloud-init[923]: |O E     . = B    |
[   35.760197] cloud-init[923]: |.@ O   o o * .   |
[   35.781624] cloud-init[923]: |* X +   S + .    |
[   35.785070] cloud-init[923]: |== o + . . .     |
[   35.788875] cloud-init[923]: |=..   o          |
[   35.809957] cloud-init[923]: |.                |
[   35.812372] cloud-init[923]: |                 |
[   35.816369] cloud-init[923]: +----[SHA256]-----+
[   35.817899] cloud-init[923]: Generating public/private ecdsa key pair.
[   35.850031] cloud-init[923]: [[0;32m  OK  [0m] Started Initial cloud-init job (metadata service crawler).Your identification has been saved in /etc/ssh/ssh_host_ecdsa_key.
[[0;32m  OK  [0m] Reached target Cloud-config availability.
[[0;32m  OK  [0m] Reached target System Initialization.
[
[   35.882503] cloud-init[923]: [0;32m  OK  [0m] Started Message of the Day.
[[0;32m  OK  [0m] Listening on ACPID Listen Socket.Your public key has been saved in /etc/ssh/ssh_host_ecdsa_key.pub.
[   35.904370] 
[[0;32m  OK  [0m] Listening on D-Bus System Message Bus Socket.
[[0;32m  OK  [0m] Started Daily Cleanup of Temporary Directories.
[cloud-init[923]: The key fingerprint is:
[   35.923594] [0;32m  OK  [0m] Started Discard unused blocks once a week.
[[0;32m  OK  [0m] Started Ubuntu Advantage Timer for running repeated jobs.
[[0;32m  OK  [0m] Listening on Open-iSCSI iscsid Socket.
[[0;32m  OK  [0m] Started Daily apt download activities.
cloud-init[923]: SHA256:6bKiBFtopRO6x5XCuQJsaw6nliDd/i077dBk5/Sff4c root@ubuntu-bionic
[[0;32m  OK  [0m] Started Daily apt upgrade and clean activities.
[   35.969222] cloud-init[923]: The key's randomart image is:
[   35.974531] cloud-init[923]: +---[ECDSA 256]---+
         [   35.993170] cloud-init[923]: |                 |Starting Socket activation for snappy daemon.
[[0;32m  OK  [0m] Listening on cloud-init hotplug hook socket.

[   36.010333] cloud-init[[0;32m  OK  [0m] [923]: |                 |
[   36.019234] Reached target Timers.
cloud-init[[0;32m  OK  [0m] Started ACPI Events Check.
[923]: | . .             |
[   36.043515] [[0;32m  OK  [0m] Reached target Paths.cloud-init[923]: |oo+. .   .       |

[[0;32m  OK  [0m] Listening on UUID daemon activation socket.
[   36.065791] cloud-init[923]: |=B=.o   S o      |
[   36.077433] cloud-init[923]:          Starting LXD - unix socket.
|**++.  = + .     |
[   36.093675] cloud-init[923]: |BoB.  o.o . .  . |
[[0;32m  OK  [0m] Reached target Network is Online.
[[0;32m  OK  [0m] Reached target Remote File Systems (Pre).
[[0;32m  OK  [0m] Reached target Remote File Systems.
         Starting Availability of block devices...
[   36.133897] cloud-init[923]: |+O  o o=.    .E.o|
[   36.138061] cloud-init[923]: [[0;32m  OK  [0m] Listening on Socket activation for snappy daemon.|o... o+=o     o.+|
[[0;32m  OK  [0m
[   36.169648] cloud-init[923]: +----[SHA256]-----+
] Listening on LXD - unix socket.
[[0;32m  OK  [0m] Reached target Sockets.
[   36.178867] cloud-init[923]: Generating public/private ed25519 key pair.[[0;32m  OK  [0m] Reached target Basic System.
         
[   36.229886] cloud-init[923]: Your identification has been saved in /etc/ssh/ssh_host_ed25519_key.
Starting Dispatcher daemon for systemd-networkd...
[[0;32m  OK  [0m] Started irqbalance daemon.
[   36.284121]          Starting LSB: Record successful boot for GRUB...
         Starting LSB: automatic crash report generation...
         Starting Virtualbox guest utils...
cloud-init[923]: Your public key has been saved in /etc/ssh/ssh_host_ed25519_key.pub.[[0;32m  OK  [0m] Started Regular background program processing daemon.
[[0;32m  OK  [0m] Reached target Login Prompts (Pre).
         Starting Login Service...
         
Starting LXD - container startup/shutdown...
[[0;32m  OK  [0m] Started FUSE filesystem for LXC.
         Starting System Logging Service...
[   36.535145] cloud-init[923]: [[0;32m  OK  [0m] Started Deferred execution scheduler.
The key fingerprint is:
         Starting Accounts Service...
[   36.574847] cloud-init[923]: SHA256:VDuyg9vVkzGlMGldMFX6T8WXQS8ikGPg7ZNTxcG1rtM root@ubuntu-bionic         Starting Pollinate to seed the pseudo random number generator...
         Starting Permit User Sessions...

[   36.651808] cloud-init[923]: The key's randomart image is:
[   36.661186] cloud-init[923]: +--[ED25519 256]--+
[   36.667678] cloud-init[923]: |      ....+==**+.|
[   36.690096] cloud-init[923]: |     . .+oo=++ ++|
[   36.691041] cloud-init[923]: |      ..+o= = +.=|
[   36.693043] cloud-init[923]: |       + = + * oo|
[   36.719096] cloud-init[923]: |      . S . + . o|
[   36.721572] cloud-init[923]: |       o =   + ..|
[   36.727309] cloud-init[923]: |      . .   o E .|
[   36.734279] cloud-init[923]: |             .   |
[   36.739599] cloud-init[923]: |                 |
[   36.742140] cloud-init[923]: +----[SHA256]-----+
         Starting Snap Daemon...
[[0;32m  OK  [0m] Started D-Bus System Message Bus.
[[0;32m  OK  [0m] Started System Logging Service.
[[0;32m  OK  [0m] Started Availability of block devices.
[[0;32m  OK  [0m] Started Permit User Sessions.
[[0;32m  OK  [0m] Started Login Service.
[[0;32m  OK  [0m] Started Unattended Upgrades Shutdown.
         Starting Hold until boot process finishes up...
         Starting Terminate Plymouth Boot Screen...
[[0;32m  OK  [0m] Started Hold until boot process finishes up.
[[0;32m  OK  [0m] Started Serial Getty on ttyS0.
         Starting Set console scheme...
[[0;32m  OK  [0m] Started Terminate Plymouth Boot Screen.
[[0;32m  OK  [0m] Started Set console scheme.
[[0;32m  OK  [0m] Created slice system-getty.slice.
[[0;32m  OK  [0m] Started Getty on tty1.
[[0;32m  OK  [0m] Reached target Login Prompts.
         Starting Authorization Manager...
[[0;32m  OK  [0m] Started LSB: automatic crash report generation.
[[0;32m  OK  [0m] Started LSB: Record successful boot for GRUB.
[[0;32m  OK  [0m] Started Authorization Manager.
[[0;32m  OK  [0m] Started Accounts Service.
[[0;32m  OK  [0m] Started LXD - container startup/shutdown.
[[0;32m  OK  [0m] Started Virtualbox guest utils.
[[0;32m  OK  [0m] Started Dispatcher daemon for systemd-networkd.
[[0;32m  OK  [0m] Started Pollinate to seed the pseudo random number generator.
         Starting OpenBSD Secure Shell server...
[[0;32m  OK  [0m] Started Snap Daemon.
         Starting Wait until snapd is fully seeded...
[[0;32m  OK  [0m] Started OpenBSD Secure Shell server.

Ubuntu 18.04.6 LTS ubuntu-bionic ttyS0

ubuntu-bionic login: [   54.661269] cloud-init[1375]: Cloud-init v. 23.1.2-0ubuntu0~18.04.1 running 'modules:config' at Sat, 11 Apr 2026 11:25:32 +0000. Up 52.32 seconds.
ci-info: no authorized SSH keys fingerprints found for user ubuntu.
<14>Apr 11 11:25:38 cloud-init: #############################################################
<14>Apr 11 11:25:38 cloud-init: -----BEGIN SSH HOST KEY FINGERPRINTS-----
<14>Apr 11 11:25:38 cloud-init: 1024 SHA256:3HYhzallwiyu8AA0c7qTsXha5A0ITaHlqhAzmYvK0kE root@ubuntu-bionic (DSA)
<14>Apr 11 11:25:38 cloud-init: 256 SHA256:6bKiBFtopRO6x5XCuQJsaw6nliDd/i077dBk5/Sff4c root@ubuntu-bionic (ECDSA)
<14>Apr 11 11:25:38 cloud-init: 256 SHA256:VDuyg9vVkzGlMGldMFX6T8WXQS8ikGPg7ZNTxcG1rtM root@ubuntu-bionic (ED25519)
<14>Apr 11 11:25:38 cloud-init: 2048 SHA256:QvfdMdfJfk94RYEsIxAZ9VTMSXsiHycc1bfJEUZIM0s root@ubuntu-bionic (RSA)
<14>Apr 11 11:25:38 cloud-init: -----END SSH HOST KEY FINGERPRINTS-----
<14>Apr 11 11:25:38 cloud-init: #############################################################
-----BEGIN SSH HOST KEY KEYS-----
ecdsa-sha2-nistp256 AAAAE2VjZHNhLXNoYTItbmlzdHAyNTYAAAAIbmlzdHAyNTYAAABBBFPjdeQCNb1jAIxZieWCaqncasEX6WS85lbDj7ggO4lSqqzPKt/ghWM0JP/aJlCoqex7xCvXK0+4EySUXYMmlj8= root@ubuntu-bionic
ssh-ed25519 AAAAC3NzaC1lZDI1NTE5AAAAIKG3/lqm+LA+lBCFaRkfcP13/AYW0Ab01HNEdEZfaOyG root@ubuntu-bionic
ssh-rsa AAAAB3NzaC1yc2EAAAADAQABAAABAQDG0d41HqwvTTXInbELETs1WxYrMHjes+rgwSp68fEWo40tM8e+95FxHWVebgQcosmIey5flaRRtfKROWZRNExmf8lSTt6JECwcMePz4S1/CrLmlygxmS3903SJpg49Ai08BxJI4wjKCoWRlTgZSjNEhzj6f8AkQ53t+T6Jfi2koddZVxmWJW6IzpOgfJxjMgZiA+mKNzM9GOiakeOmNgrZ/XoJm3pPd6Wg1cTKryleWDg4FFCVNTbQTvoP/TZb+vDP23JcONfdG/m/WblIPZerzU33PhAp2rnWwBT6ikL5APK+MU/zIJ8kIFbdhVTl2F1F8ozFhGI54olFjCloxjEl root@ubuntu-bionic
-----END SSH HOST KEY KEYS-----
[   58.416006] cloud-init[1508]: Cloud-init v. 23.1.2-0ubuntu0~18.04.1 running 'modules:final' at Sat, 11 Apr 2026 11:25:37 +0000. Up 57.00 seconds.
[   58.416446] cloud-init[1508]: Cloud-init v. 23.1.2-0ubuntu0~18.04.1 finished at Sat, 11 Apr 2026 11:25:38 +0000. Datasource DataSourceNoCloud [seed=/dev/sdb][dsmode=net].  Up 58.33 seconds
